app/seeds.txt
com.softwaremagico.tm.advisor.R
com.softwaremagico.tm.advisor.ui.about.AboutWindow$1
com.softwaremagico.tm.character.cybernetics.Cybernetics
com.softwaremagico.tm.exceptions.InvalidOccultismTypeException
com.softwaremagico.tm.character.resistances.ResistanceType
com.softwaremagico.tm.qr.CharacterQrPngReader$PngImage
com.softwaremagico.tm.advisor.R$navigation
com.softwaremagico.tm.advisor.ui.visualization.VisualizationSectionsPagerAdapter
com.softwaremagico.tm.character.values.IValue
com.softwaremagico.tm.advisor.ui.character.description.CharacterDescriptionFragmentCharacter
com.softwaremagico.tm.character.capabilities.CapabilityFactory
com.softwaremagico.tm.log.ConfigurationLog
com.softwaremagico.tm.advisor.ui.components.CharacterDefinitionStepModel
com.softwaremagico.tm.character.equipment.armors.Armor
com.softwaremagico.tm.restrictions.RestrictedCapability
com.softwaremagico.tm.character.equipment.item.ItemFactory
com.softwaremagico.tm.utils.ComparableUtils
com.softwaremagico.tm.pdf.complete.RightColumn
com.softwaremagico.tm.advisor.ui.components.descriptions.CharacterDefinitionStepDescriptionDialog
com.softwaremagico.tm.advisor.ui.components.spinner.adapters.EquipmentAdapter
com.softwaremagico.tm.character.specie.SpecieCharacterDefinitionStepSelection
com.softwaremagico.tm.advisor.ui.visualization.TabSheetVisualizationFragment$2
com.softwaremagico.tm.advisor.ui.session.CharacterManager$PerkUpdatedListener
com.softwaremagico.tm.advisor.ui.components.descriptions.WeaponFeaturesFormatter
com.softwaremagico.tm.character.resistances.ResistanceCategory
com.softwaremagico.tm.configuration.MachinePdfConfigurationReader
com.softwaremagico.tm.character.occultism.Occultism
com.softwaremagico.tm.advisor.ui.character.TabCharacterCreationFragment$1
com.softwaremagico.tm.character.equipment.armors.ArmorSpecificationFactory$ArmorSpecificationFactoryInit
com.softwaremagico.tm.character.equipment.TechCompulsionFactory$TechCompulsionFactoryInit
com.softwaremagico.tm.advisor.ui.components.descriptions.HandheldShieldDescriptionDialog
com.softwaremagico.tm.advisor.ui.character.occultism.OccultismFragmentCharacter
com.softwaremagico.tm.random.character.selectors.RandomInnerStepsSelector
com.softwaremagico.tm.advisor.ui.components.spinner.SearchableListDialog$OnSearchTextChanged
com.softwaremagico.tm.advisor.ui.visualization.txt.CharacterTxtViewModel
com.softwaremagico.tm.file.Version
com.softwaremagico.tm.restrictions.Restrictions$1
com.softwaremagico.tm.character.equipment.armors.ArmorSpecificationFactory
com.softwaremagico.tm.random.definition.Names
com.softwaremagico.tm.pdf.complete.skills.CharacteristicsColumn
com.softwaremagico.tm.random.character.equipment.RandomEquipment
com.softwaremagico.tm.ObjectMapperFactory
com.softwaremagico.tm.file.watcher.FileWatcher$1
com.softwaremagico.tm.random.character.names.NamesProbability
com.softwaremagico.tm.advisor.ui.components.Component
com.softwaremagico.tm.advisor.R$style
com.softwaremagico.tm.advisor.persistence.CharacterEntityDao_Impl$2
com.softwaremagico.tm.character.combat.CombatStyleGroup
com.softwaremagico.tm.character.capabilities.CapabilityWithSpecialization
com.softwaremagico.tm.character.upbringing.UpbringingCharacterDefinitionStepSelection
com.softwaremagico.tm.exceptions.InvalidShieldException
com.softwaremagico.tm.character.Rank
com.softwaremagico.tm.character.upbringing.UpbringingFactory$UpbringingFactoryInit
com.softwaremagico.tm.character.characteristics.CharacteristicDefinition
com.softwaremagico.tm.advisor.ui.load.CharacterRecyclerViewAdapter
com.softwaremagico.tm.pdf.complete.occultism.OccultismValuesTableFactory
com.softwaremagico.tm.pdf.complete.equipment.ItemsTableFactory
com.softwaremagico.tm.character.equipment.DamageTypeFactory
com.softwaremagico.tm.advisor.persistence.AppDatabase$3
com.softwaremagico.tm.character.occultism.TheurgyComponentFactory$TheurgyComponentFactoryInit
com.softwaremagico.tm.character.characteristics.CharacteristicBonusOptions
...
com.lowagie.text.pdf.LZWDecoder: int nextBits
com.lowagie.text.pdf.PdfBoolean: java.lang.String FALSE
com.lowagie.text.exceptions.BadPasswordException: long serialVersionUID
androidx.navigation.common.R$styleable: int NavAction_popUpToInclusive
com.google.android.material.R$id: int material_timepicker_ok_button
com.lowagie.text.pdf.Pfm2afm: short pixwidth
java.awt.Color: float[] frgbvalue
com.google.android.material.R$styleable: int MaterialButtonGroup_overflowMode
com.lowagie.text.pdf.CFFFont: int offSize
com.lowagie.text.pdf.PdfPCell: float paddingLeft
com.google.android.material.R$style: int Widget_MaterialComponents_Button_TextButton_Icon_Close_Snackbar
com.fasterxml.jackson.core.exc.InputCoercionException: long serialVersionUID
com.lowagie.text.pdf.PdfStamper: com.lowagie.text.pdf.PdfStamperImp stamper
com.google.android.material.R$style: int TextAppearance_Material3_ActionBar_Subtitle
com.lowagie.text.pdf.PdfGState: com.lowagie.text.pdf.PdfName BM_DARKEN
com.google.android.material.R$attr: int contentPaddingBottom
androidx.appcompat.R$attr: int contentInsetEndWithActions
androidx.coordinatorlayout.R$styleable: int FontFamilyFont_ttcIndex
com.lowagie.text.pdf.MultiColumnText$ColumnDef: float[] left
com.google.android.material.R$string: int m3_ref_typeface_plain_medium
com.fasterxml.jackson.dataformat.xml.deser.WrapperHandlingDeserializer: long serialVersionUID
com.ctc.wstx.shaded.msv_core.datatype.xsd.UnionType: long serialVersionUID
com.lowagie.text.pdf.MultiColumnText$ColumnDef: float[] right
com.google.android.material.R$styleable: int MaterialAlertDialog_backgroundInsetTop
androidx.appcompat.R$attr: int overlapAnchor
com.lowagie.text.pdf.PdfSignatureAppearance: java.util.Calendar signDate
com.google.android.material.R$attr: int materialSearchViewStyle
androidx.constraintlayout.widget.R$styleable: int ConstraintOverride_layout_goneMarginLeft
com.lowagie.text.Image: com.lowagie.text.Annotation annotation
androidx.appcompat.R$styleable: int ActionBar_progressBarPadding
com.lowagie.text.pdf.PdfCopy: java.util.HashMap indirects
com.lowagie.text.pdf.PdfName: com.lowagie.text.pdf.PdfName FITR
com.lowagie.text.pdf.PdfPKCS7: java.lang.String reason
com.lowagie.text.pdf.BarcodeDatamatrix: int options
com.lowagie.text.List: float indentationRight
com.lowagie.text.html.HtmlTags: java.lang.String NOWRAP
com.google.android.material.R$style: int Widget_Material3_MaterialCalendar_HeaderSelection_Fullscreen
com.lowagie.text.pdf.PdfName: com.lowagie.text.pdf.PdfName VOFFSET
com.lowagie.text.pdf.PdfWriter: com.lowagie.text.pdf.PdfName DID_SAVE
com.lowagie.text.pdf.PdfDocument: java.lang.String openActionName
com.lowagie.text.pdf.PdfTextArray: java.util.List arrayList
androidx.constraintlayout.widget.R$styleable: int Constraint_flow_horizontalAlign
ch.qos.logback.core.LogbackException: long serialVersionUID
com.google.android.material.R$attr: int fabAnchorMode
androidx.coordinatorlayout.R$style: int TextAppearance_Compat_Notification_Title
com.lowagie.text.pdf.PdfSignatureAppearance: java.lang.String provider
com.lowagie.text.pdf.PdfName: com.lowagie.text.pdf.PdfName PROPERTIES
androidx.appcompat.R$style: int Base_Widget_AppCompat_ListView_DropDown
com.ctc.wstx.shaded.msv_core.datatype.xsd.datetime.TimeZone$JavaMissingTimeZone: long serialVersionUID
com.fasterxml.jackson.databind.ser.impl.BeanAsArraySerializer: long serialVersionUID
com.lowagie.text.pdf.PdfWriter$PdfBody$PdfCrossReference: java.lang.String CROSS_REFERENCE_ENTRY_FORMAT
com.google.android.material.slider.RangeSlider$RangeSliderState: android.os.Parcelable$Creator CREATOR
com.google.android.material.R$styleable: int ShapeableImageView_strokeColor
androidx.constraintlayout.widget.R$styleable: int Constraint_transformPivotTarget
com.lowagie.text.ElementTags: java.lang.String UNDERLYING
com.lowagie.text.pdf.codec.wmf.MetaDo: int META_EXTFLOODFILL
androidx.appcompat.R$attr: int queryHint
com.lowagie.text.pdf.parser.Vector: int I1