app/unused.txt
com.softwaremagico.tm.Main:
    private static final int FILE_DESTINATION_PATH_ARG
    private static final int JSON_FILE_ARG
    private static final int LANGUAGE_ARG
    private void <init>()
com.softwaremagico.tm.ObjectMapperFactory:
    private void <init>()
com.softwaremagico.tm.advisor.R$attr:
    private void <init>()
com.softwaremagico.tm.advisor.R$color:
    private void <init>()
com.softwaremagico.tm.advisor.R$dimen:
    private void <init>()
com.softwaremagico.tm.advisor.R$drawable:
    private void <init>()
com.softwaremagico.tm.advisor.R$font:
    private void <init>()
com.softwaremagico.tm.advisor.R$id:
    private void <init>()
com.softwaremagico.tm.advisor.R$layout:
    private void <init>()
com.softwaremagico.tm.advisor.R$menu:
    private void <init>()
com.softwaremagico.tm.advisor.R$mipmap:
    private void <init>()
com.softwaremagico.tm.advisor.R$navigation:
    private void <init>()
com.softwaremagico.tm.advisor.R$string:
    private void <init>()
com.softwaremagico.tm.advisor.R$style:
    private void <init>()
com.softwaremagico.tm.advisor.R$styleable:
    private void <init>()
com.softwaremagico.tm.advisor.R$xml:
    private void <init>()
com.softwaremagico.tm.advisor.R:
    private void <init>()
com.softwaremagico.tm.advisor.core.CharacterExportUtils:
    private void <init>()
com.softwaremagico.tm.advisor.core.CharacterQrExportSanitizer:
    private void <init>()
com.softwaremagico.tm.advisor.core.DateUtils:
    private void <init>()
com.softwaremagico.tm.advisor.core.FileUtils:
    private static final java.lang.String GOOGLE_DRIVE_HOST
    private void <init>()
com.softwaremagico.tm.advisor.log.AdvisorLog:
    private static final java.lang.String LOG_CLASS
    private static final java.lang.String LOG_TAG
com.softwaremagico.tm.advisor.persistence.AppDatabase:
    private static final java.lang.String DATABASE_NAME
com.softwaremagico.tm.advisor.persistence.TimestampConverter:
    private void <init>()
com.softwaremagico.tm.advisor.ui.animations.ExpandAndCollapseViewUtil:
    private void <init>()
com.softwaremagico.tm.advisor.ui.character.Numbers:
    private void <init>()
com.softwaremagico.tm.advisor.ui.character.description.CharacterDescriptionFragmentCharacter:
    private void updateDescription(com.softwaremagico.tm.character.CharacterPlayer)
com.softwaremagico.tm.advisor.ui.character.equipment.EquipmentFragmentCharacter$ArmorLayout:
    private static final int MAX_ITEMS
com.softwaremagico.tm.advisor.ui.character.equipment.EquipmentFragmentCharacter$HandheldShieldsLayout:
    private static final int MAX_ITEMS
com.softwaremagico.tm.advisor.ui.character.equipment.EquipmentFragmentCharacter$ShieldLayout:
    private static final int MAX_ITEMS
com.softwaremagico.tm.advisor.ui.components.counters.Counter:
    private static final int DURATION
com.softwaremagico.tm.advisor.ui.components.counters.FirebirdsCounter:
    private static final int DURATION
com.softwaremagico.tm.advisor.ui.components.counters.SegmentCounter:
    private static final int DURATION
com.softwaremagico.tm.advisor.ui.components.descriptions.WeaponFeaturesFormatter:
    private void <init>()
com.softwaremagico.tm.advisor.ui.components.spinner.SearchableListDialog:
    private static final java.lang.String ITEMS
com.softwaremagico.tm.advisor.ui.components.spinner.adapters.HandheldShieldAdapter:
    private static final java.lang.String HANDHELD_SHIELD_CAPABILITY
com.softwaremagico.tm.advisor.ui.load.CharacterRecyclerViewAdapter$CharacterEntityViewHolder:
    private static final int DURATION
com.softwaremagico.tm.advisor.ui.load.FactionLogoSelection:
    private void <init>()
com.softwaremagico.tm.advisor.ui.load.ThreatLevelHandler:
    private static final java.lang.String HEXADECIMAL_FORMAT
com.softwaremagico.tm.advisor.ui.main.MainActivity:
    private static final int CHARACTERS_INDEX
    private static final int CHARACTERS_SELECTOR_GROUP
    private static final int PICK_TMA_FILE
...
_COROUTINE.ArtificialStackFrames:
    public final java.lang.StackTraceElement coroutineCreation()
_COROUTINE.CoroutineDebuggingKt:
    public static final java.lang.String getARTIFICIAL_FRAME_PACKAGE_NAME()
_COROUTINE._BOUNDARY:
    public void <init>()
_COROUTINE._CREATION
android.support.v4.app.INotificationSideChannel$Default
android.support.v4.app.INotificationSideChannel$Stub$Proxy
android.support.v4.app.INotificationSideChannel$Stub
android.support.v4.app.INotificationSideChannel$_Parcel
android.support.v4.app.INotificationSideChannel
android.support.v4.os.IResultReceiver$Default
android.support.v4.os.IResultReceiver$Stub$Proxy:
    public java.lang.String getInterfaceDescriptor()
    public void send(int,android.os.Bundle)
android.support.v4.os.IResultReceiver$Stub:
    static final int TRANSACTION_send
android.support.v4.os.IResultReceiver$_Parcel:
    public void <init>()
    static synthetic void access$100(android.os.Parcel,android.os.Parcelable,int)
    private static void writeTypedObject(android.os.Parcel,android.os.Parcelable,int)
android.support.v4.os.IResultReceiver2$Default
android.support.v4.os.IResultReceiver2$Stub$Proxy
android.support.v4.os.IResultReceiver2$Stub
android.support.v4.os.IResultReceiver2$_Parcel
android.support.v4.os.IResultReceiver2
android.support.v4.os.ResultReceiver:
    public void <init>(android.os.Handler)
    public void send(int,android.os.Bundle)
androidx.activity.ActivityViewModelLazyKt$viewModels$1
androidx.activity.ActivityViewModelLazyKt$viewModels$2
androidx.activity.ActivityViewModelLazyKt$viewModels$3
androidx.activity.ActivityViewModelLazyKt$viewModels$4
androidx.activity.ActivityViewModelLazyKt$viewModels$factoryPromise$1
androidx.activity.ActivityViewModelLazyKt$viewModels$factoryPromise$2
androidx.activity.ActivityViewModelLazyKt
androidx.activity.Api19Impl
androidx.activity.Api26Impl
androidx.activity.BackEventCompat$SwipeEdge
androidx.activity.BackEventCompat:
    public static final int EDGE_LEFT
    public static final int EDGE_RIGHT
    public final float getTouchX()
    public final android.window.BackEvent toBackEvent()
androidx.activity.ComponentActivity$Api19Impl:
    private void <init>()
androidx.activity.ComponentActivity$Api33Impl:
    private void <init>()
androidx.activity.ComponentActivity$ReportFullyDrawnExecutorApi1
androidx.activity.ComponentActivity:
    private static final java.lang.String ACTIVITY_RESULT_TAG
    public void <init>(int)
androidx.activity.ComponentDialog:
    public void <init>(android.content.Context)
    public synthetic void <init>(android.content.Context,int,int,kotlin.jvm.internal.DefaultConstructorMarker)
    public static synthetic void getOnBackPressedDispatcher$annotations()
androidx.activity.EdgeToEdge:
    public static final void enable(androidx.activity.ComponentActivity,androidx.activity.SystemBarStyle)
    public static final int getDefaultDarkScrim()
    public static synthetic void getDefaultDarkScrim$annotations()
    public static final int getDefaultLightScrim()
    public static synthetic void getDefaultLightScrim$annotations()
androidx.activity.EdgeToEdgeApi21
androidx.activity.EdgeToEdgeApi23
androidx.activity.EdgeToEdgeApi26
androidx.activity.EdgeToEdgeBase
androidx.activity.FullyDrawnReporter:
    public final void addOnReportDrawnListener(kotlin.jvm.functions.Function0)
    public final void addReporter()
    private final void postWhenReportersAreDone()
    public final void removeOnReportDrawnListener(kotlin.jvm.functions.Function0)
    public final void removeReporter()
androidx.activity.FullyDrawnReporterKt$reportWhenComplete$1
androidx.activity.FullyDrawnReporterKt
androidx.activity.FullyDrawnReporterOwner:
    public abstract androidx.activity.FullyDrawnReporter getFullyDrawnReporter()
androidx.activity.ImmLeaksCleaner